/*C1*/SET SCHEMA PUBLIC
CONNECT USER SA
SET AUTOCOMMIT FALSE
/*C2*/SET SCHEMA PUBLIC
CONNECT USER SA
SET AUTOCOMMIT FALSE
/*C3*/SET SCHEMA PUBLIC
CONNECT USER SA
SET AUTOCOMMIT FALSE
DISCONNECT
/*C4*/SET SCHEMA PUBLIC
CONNECT USER SA
SET AUTOCOMMIT FALSE
INSERT INTO SALE VALUES(14,'2013-11-28 23:51:07.134000000',1)
INSERT INTO SOLDITEM VALUES(19,14,2,'\u00d5lle vorstikesed',1,15.0)
DELETE FROM STOCKITEM WHERE ID=2
INSERT INTO STOCKITEM VALUES(2,'\u00d5lle vorstikesed',15.0,41,NULL)
COMMIT
INSERT INTO STOCKITEM VALUES(6,'65',6.0,6,'')
COMMIT
DISCONNECT
