/*C8*/SET SCHEMA PUBLIC
INSERT INTO SALE VALUES(8,'14/11/2013','20:00:17',2.00000000000000000000000000000000)
DELETE FROM STOCKITEM WHERE ID=1
INSERT INTO STOCKITEM VALUES(1,'Cider',2.00000000000000000000000000000000,47,'Cider')
COMMIT
DISCONNECT
/*C9*/SET SCHEMA PUBLIC
DISCONNECT
/*C10*/SET SCHEMA PUBLIC
DISCONNECT
/*C11*/SET SCHEMA PUBLIC
INSERT INTO SALE VALUES(9,'14/11/2013','20:10:55',8.00000000000000000000000000000000)
DELETE FROM STOCKITEM WHERE ID=1
INSERT INTO STOCKITEM VALUES(1,'Cider',2.00000000000000000000000000000000,46,'Cider')
DELETE FROM STOCKITEM WHERE ID=2
INSERT INTO STOCKITEM VALUES(2,'White Wine',6.00000000000000000000000000000000,3,'White Wine')
COMMIT
/*C12*/SET SCHEMA PUBLIC
DISCONNECT
/*C11*/DISCONNECT
/*C14*/SET SCHEMA PUBLIC
INSERT INTO SALE VALUES(10,'14/11/2013','20:13:46',9.50000000000000000000000000000000)
DELETE FROM STOCKITEM WHERE ID=1
INSERT INTO STOCKITEM VALUES(1,'Cider',2.00000000000000000000000000000000,45,'Cider')
DELETE FROM STOCKITEM WHERE ID=3
INSERT INTO STOCKITEM VALUES(3,'Lemonade',1.00000000000000000000000000000000,2,'Limpa')
DELETE FROM STOCKITEM WHERE ID=6
INSERT INTO STOCKITEM VALUES(6,'Coffee',2.25000000000000000000000000000000,8,'Hot cup of coffee')
COMMIT
DISCONNECT
/*C13*/SET SCHEMA PUBLIC
DISCONNECT
/*C15*/SET SCHEMA PUBLIC
INSERT INTO SALE VALUES(11,'14/11/2013','20:18:15',2.00000000000000000000000000000000)
DELETE FROM STOCKITEM WHERE ID=1
INSERT INTO STOCKITEM VALUES(1,'Cider',2.00000000000000000000000000000000,44,'Cider')
COMMIT
INSERT INTO SOLDITEM VALUES(19,11,1,'Cider',1,2.00000000000000000000000000000000,2.00000000000000000000000000000000)
COMMIT
DISCONNECT
/*C16*/SET SCHEMA PUBLIC
INSERT INTO SALE VALUES(12,'14/11/2013','20:19:00',6.25000000000000000000000000000000)
DELETE FROM STOCKITEM WHERE ID=1
INSERT INTO STOCKITEM VALUES(1,'Cider',2.00000000000000000000000000000000,43,'Cider')
DELETE FROM STOCKITEM WHERE ID=3
INSERT INTO STOCKITEM VALUES(3,'Lemonade',1.00000000000000000000000000000000,0,'Limpa')
DELETE FROM STOCKITEM WHERE ID=6
INSERT INTO STOCKITEM VALUES(6,'Coffee',2.25000000000000000000000000000000,7,'Hot cup of coffee')
COMMIT
INSERT INTO SOLDITEM VALUES(20,12,1,'Cider',1,2.00000000000000000000000000000000,2.00000000000000000000000000000000)
INSERT INTO SOLDITEM VALUES(21,12,3,'Lemonade',2,1.00000000000000000000000000000000,2.00000000000000000000000000000000)
INSERT INTO SOLDITEM VALUES(22,12,6,'Coffee',1,2.25000000000000000000000000000000,2.25000000000000000000000000000000)
COMMIT
DISCONNECT
/*C17*/SET SCHEMA PUBLIC
DISCONNECT
